2025-09-17 00:52:45,450 - util.logger_util - INFO - logger_util.py:61 - Logging initialized.
2025-09-17 00:52:45,569 - tzlocal - DEBUG - win32.py:55 - Looking up time zone info from registry
2025-09-17 00:52:45,729 - chatbot_test - INFO - database.py:42 - Initializing database...
2025-09-17 00:52:45,730 - chatbot_test - INFO - before.py:42 - Starting call to 'scheduler.database._create_engine_with_retries', this is the 1st time calling it.
2025-09-17 00:52:45,730 - chatbot_test - INFO - database.py:34 - Attempting to connect to the database...
2025-09-17 00:52:45,731 - chatbot_test - INFO - database.py:45 - Database engine created successfully.
2025-09-17 00:52:45,731 - chatbot_test - INFO - database.py:50 - Creating tables if they don't exist...
2025-09-17 00:52:45,732 - chatbot_test - INFO - database.py:52 - Database tables created/verified.
2025-09-17 00:52:45,732 - chatbot_test - INFO - database.py:55 - SessionLocal created.
2025-09-17 00:52:45,733 - chatbot_test - INFO - scheduler.py:76 - Starting scheduler...
2025-09-17 00:52:45,735 - chatbot_test - INFO - cli.py:30 - Loading initial job configurations from jobs.yaml...
2025-09-17 00:52:45,738 - chatbot_test - ERROR - loader.py:236 - Configuration validation error: 1 validation error for JobConfig
trigger
  Input should be a valid dictionary [type=dict_type, input_value=CronTrigger(type='cron', ...minute='0', second=None), input_type=CronTrigger]
    For further information visit https://errors.pydantic.dev/2.11/v/dict_type
2025-09-17 00:52:45,738 - apscheduler.executors.default - WARNING - base.py:126 - Run time of job "sync_jobs_from_db (trigger: interval[0:01:00], next run at: 2025-09-17 00:52:54 JST)" was missed by 0:01:51.073676
2025-09-17 00:52:45,740 - chatbot_test - WARNING - cli.py:36 - No initial job configurations loaded from YAML.
2025-09-17 00:52:45,740 - apscheduler.executors.default - WARNING - base.py:126 - Run time of job "sync_jobs_from_db (trigger: interval[0:01:00], next run at: 2025-09-17 00:52:54 JST)" was missed by 0:00:51.075297
2025-09-17 00:52:45,740 - chatbot_test - INFO - cli.py:39 - Starting file watcher for jobs.yaml...
2025-09-17 00:52:45,741 - chatbot_test - INFO - loader.py:313 - Started watching jobs.yaml for changes.
2025-09-17 00:52:45,742 - chatbot_test - INFO - cli.py:42 - File watcher started.
2025-09-17 00:52:45,742 - chatbot_test - INFO - cli.py:45 - Performing initial job sync...
2025-09-17 00:52:45,742 - chatbot_test - INFO - loader.py:322 - Syncing jobs from database...
2025-09-17 00:52:45,759 - chatbot_test - INFO - loader.py:357 - Successfully added/updated job: daily_sales_report
2025-09-17 00:52:45,764 - chatbot_test - INFO - loader.py:357 - Successfully added/updated job: api_health_check
2025-09-17 00:52:45,765 - chatbot_test - INFO - loader.py:361 - Job synchronization complete.
2025-09-17 00:52:45,772 - chatbot_test - INFO - cli.py:59 - Scheduled periodic job sync every 60 seconds.
2025-09-17 00:52:45,775 - asyncio - DEBUG - proactor_events.py:626 - Using proactor: IocpProactor
2025-09-17 00:53:22,217 - chatbot_test - INFO - scheduler.py:83 - Shutting down scheduler...
2025-09-17 00:54:36,827 - util.logger_util - INFO - logger_util.py:61 - Logging initialized.
2025-09-17 00:54:36,947 - tzlocal - DEBUG - win32.py:55 - Looking up time zone info from registry
2025-09-17 00:54:37,117 - chatbot_test - INFO - database.py:42 - Initializing database...
2025-09-17 00:54:37,117 - chatbot_test - INFO - before.py:42 - Starting call to 'scheduler.database._create_engine_with_retries', this is the 1st time calling it.
2025-09-17 00:54:37,117 - chatbot_test - INFO - database.py:34 - Attempting to connect to the database...
2025-09-17 00:54:37,118 - chatbot_test - INFO - database.py:45 - Database engine created successfully.
2025-09-17 00:54:37,118 - chatbot_test - INFO - database.py:50 - Creating tables if they don't exist...
2025-09-17 00:54:37,120 - chatbot_test - INFO - database.py:52 - Database tables created/verified.
2025-09-17 00:54:37,120 - chatbot_test - INFO - database.py:55 - SessionLocal created.
2025-09-17 00:54:37,120 - chatbot_test - INFO - scheduler.py:76 - Starting scheduler...
2025-09-17 00:54:37,123 - chatbot_test - INFO - cli.py:30 - Loading initial job configurations from jobs.yaml...
2025-09-17 00:54:37,126 - apscheduler.executors.default - WARNING - base.py:126 - Run time of job "sync_jobs_from_db (trigger: interval[0:01:00], next run at: 2025-09-17 00:54:45 JST)" was missed by 0:00:51.359744
2025-09-17 00:54:37,152 - chatbot_test - INFO - loader.py:264 - Removed job: internal_db_sync
2025-09-17 00:54:37,158 - chatbot_test - INFO - loader.py:288 - Added/Updated job: daily_sales_report
2025-09-17 00:54:37,163 - chatbot_test - INFO - loader.py:288 - Added/Updated job: api_health_check
2025-09-17 00:54:37,164 - chatbot_test - INFO - cli.py:34 - Initial job configurations applied.
2025-09-17 00:54:37,165 - chatbot_test - INFO - cli.py:39 - Starting file watcher for jobs.yaml...
2025-09-17 00:54:37,166 - chatbot_test - INFO - loader.py:313 - Started watching jobs.yaml for changes.
2025-09-17 00:54:37,167 - chatbot_test - INFO - cli.py:42 - File watcher started.
2025-09-17 00:54:37,167 - chatbot_test - INFO - cli.py:45 - Performing initial job sync...
2025-09-17 00:54:37,168 - chatbot_test - INFO - loader.py:322 - Syncing jobs from database...
2025-09-17 00:54:37,186 - chatbot_test - INFO - loader.py:357 - Successfully added/updated job: daily_sales_report
2025-09-17 00:54:37,191 - chatbot_test - INFO - loader.py:357 - Successfully added/updated job: api_health_check
2025-09-17 00:54:37,193 - chatbot_test - INFO - loader.py:361 - Job synchronization complete.
2025-09-17 00:54:37,197 - chatbot_test - INFO - cli.py:59 - Scheduled periodic job sync every 60 seconds.
2025-09-17 00:54:37,201 - asyncio - DEBUG - proactor_events.py:626 - Using proactor: IocpProactor
2025-09-17 00:54:56,818 - chatbot_test - INFO - scheduler.py:83 - Shutting down scheduler...
2025-09-17 00:55:20,337 - util.logger_util - INFO - logger_util.py:61 - Logging initialized.
2025-09-17 00:55:20,495 - tzlocal - DEBUG - win32.py:55 - Looking up time zone info from registry
2025-09-17 00:55:20,675 - task_scheduler - INFO - database.py:42 - Initializing database...
2025-09-17 00:55:20,675 - task_scheduler - INFO - before.py:42 - Starting call to 'scheduler.database._create_engine_with_retries', this is the 1st time calling it.
2025-09-17 00:55:20,675 - task_scheduler - INFO - database.py:34 - Attempting to connect to the database...
2025-09-17 00:55:20,676 - task_scheduler - INFO - database.py:45 - Database engine created successfully.
2025-09-17 00:55:20,676 - task_scheduler - INFO - database.py:50 - Creating tables if they don't exist...
2025-09-17 00:55:20,677 - task_scheduler - INFO - database.py:52 - Database tables created/verified.
2025-09-17 00:55:20,678 - task_scheduler - INFO - database.py:55 - SessionLocal created.
2025-09-17 00:55:20,678 - task_scheduler - INFO - scheduler.py:76 - Starting scheduler...
2025-09-17 00:55:20,680 - task_scheduler - INFO - cli.py:30 - Loading initial job configurations from jobs.yaml...
2025-09-17 00:55:20,702 - task_scheduler - INFO - loader.py:264 - Removed job: internal_db_sync
2025-09-17 00:55:20,708 - task_scheduler - INFO - loader.py:288 - Added/Updated job: daily_sales_report
2025-09-17 00:55:20,712 - task_scheduler - INFO - loader.py:288 - Added/Updated job: api_health_check
2025-09-17 00:55:20,713 - task_scheduler - INFO - cli.py:34 - Initial job configurations applied.
2025-09-17 00:55:20,713 - task_scheduler - INFO - cli.py:39 - Starting file watcher for jobs.yaml...
2025-09-17 00:55:20,714 - task_scheduler - INFO - loader.py:313 - Started watching jobs.yaml for changes.
2025-09-17 00:55:20,714 - task_scheduler - INFO - cli.py:42 - File watcher started.
2025-09-17 00:55:20,714 - task_scheduler - INFO - cli.py:45 - Performing initial job sync...
2025-09-17 00:55:20,715 - task_scheduler - INFO - loader.py:322 - Syncing jobs from database...
2025-09-17 00:55:20,721 - task_scheduler - INFO - loader.py:357 - Successfully added/updated job: daily_sales_report
2025-09-17 00:55:20,737 - task_scheduler - INFO - loader.py:357 - Successfully added/updated job: api_health_check
2025-09-17 00:55:20,738 - task_scheduler - INFO - loader.py:361 - Job synchronization complete.
2025-09-17 00:55:20,742 - task_scheduler - INFO - cli.py:59 - Scheduled periodic job sync every 60 seconds.
2025-09-17 00:55:20,745 - asyncio - DEBUG - proactor_events.py:626 - Using proactor: IocpProactor
2025-09-17 00:55:35,390 - task_scheduler - INFO - scheduler.py:83 - Shutting down scheduler...
